<?xml version="1.0" encoding="UTF-8"?>
<!-- Generated by org.testng.reporters.JUnitReportReporter -->
<testsuite skipped="0" hostname="amrut-PC" name="Practice.AppiumFramework.GeneralStoreTest" tests="1" failures="0" timestamp="28 Jun 2020 20:02:40 GMT" time="59.277" errors="0">
  <testcase name="totalValidation" time="59.277" classname="Practice.AppiumFramework.GeneralStoreTest"/>
</testsuite> <!-- Practice.AppiumFramework.GeneralStoreTest -->
