<?xml version="1.0" encoding="UTF-8"?>
<!-- Generated by org.testng.reporters.JUnitReportReporter -->
<testsuite skipped="0" hostname="amrut-PC" name="Practice.AppiumFramework.Test_4" tests="1" failures="0" timestamp="28 Jun 2020 12:31:20 GMT" time="58.556" errors="0">
  <testcase name="totalValidation" time="58.556" classname="Practice.AppiumFramework.Test_4"/>
</testsuite> <!-- Practice.AppiumFramework.Test_4 -->
