<?xml version="1.0" encoding="UTF-8"?>
<!-- Generated by org.testng.reporters.JUnitReportReporter -->
<testsuite skipped="0" hostname="amrut-PC" name="Test.day4" tests="3" failures="0" timestamp="2020-05-11T23:36:23 IST" time="0.030" errors="0">
  <testcase name="MobileLoginHomeLoan" time="0.021" classname="Test.day4"/>
  <system-out/>
  <testcase name="WebLoginHomeLoan" time="0.007" classname="Test.day4"/>
  <system-out/>
  <testcase name="LoginAPIHomeLoan" time="0.002" classname="Test.day4"/>
  <system-out/>
</testsuite> <!-- Test.day4 -->
