<?xml version="1.0" encoding="UTF-8"?>
<!-- Generated by org.testng.reporters.JUnitReportReporter -->
<testsuite skipped="0" hostname="amrut-PC" name="Test.T1" tests="2" failures="0" timestamp="2020-05-03T23:35:43 IST" time="0.028" errors="0">
  <testcase name="demo" time="0.008" classname="Test.T1"/>
  <system-out/>
  <testcase name="SecondTest" time="0.020" classname="Test.T1"/>
  <system-out/>
</testsuite> <!-- Test.T1 -->
