<?xml version="1.0" encoding="UTF-8"?>
<!-- Generated by org.testng.reporters.JUnitReportReporter -->
<testsuite skipped="0" hostname="amrut-PC" name="Test1.practice_1" tests="1" failures="0" timestamp="2020-05-07T19:28:53 IST" time="0.002" errors="0">
  <testcase name="demo1" time="0.002" classname="Test1.practice_1"/>
  <system-out/>
</testsuite> <!-- Test1.practice_1 -->
