<?xml version="1.0" encoding="UTF-8"?>
<!-- Generated by org.testng.reporters.JUnitReportReporter -->
<testsuite skipped="0" hostname="amrut-PC" name="Test.day2" tests="2" failures="0" timestamp="2020-05-11T23:36:23 IST" time="0.006" errors="0">
  <testcase name="day2" time="0.002" classname="Test.day2"/>
  <system-out/>
  <testcase name="Ddemo" time="0.004" classname="Test.day2"/>
  <system-out/>
</testsuite> <!-- Test.day2 -->
