<?xml version="1.0" encoding="UTF-8"?>
<!-- Generated by org.testng.reporters.JUnitReportReporter -->
<testsuite skipped="0" hostname="amrut-PC" name="Test.day3" tests="5" failures="0" timestamp="2020-05-11T23:36:23 IST" time="0.023" errors="0">
  <testcase name="MobileSignOutCarLoan" time="0.002" classname="Test.day3"/>
  <system-out/>
  <testcase name="MobileSignOutCarLoan" time="0.002" classname="Test.day3"/>
  <system-out/>
  <testcase name="MobileSignInCarLoan" time="0.002" classname="Test.day3"/>
  <system-out/>
  <testcase name="MobileLoginCarLoan" time="0.016" classname="Test.day3"/>
  <system-out/>
  <testcase name="MobileSignOutCarLoan" time="0.001" classname="Test.day3"/>
  <system-out/>
</testsuite> <!-- Test.day3 -->
