<?xml version="1.0" encoding="UTF-8"?>
<!-- Generated by org.testng.reporters.JUnitReportReporter -->
<testsuite skipped="0" hostname="amrut-PC" name="Test.day1" tests="1" failures="0" timestamp="2020-05-11T23:36:23 IST" time="0.011" errors="0">
  <testcase name="demo" time="0.011" classname="Test.day1"/>
  <system-out/>
</testsuite> <!-- Test.day1 -->
