<?xml version="1.0" encoding="UTF-8"?>
<!-- Generated by org.testng.reporters.JUnitReportReporter -->
<testsuite skipped="0" hostname="amrut-PC" name="Test.day5" tests="4" failures="0" timestamp="2020-05-07T23:39:10 IST" time="0.046" errors="0">
  <testcase name="ADemo" time="0.025" classname="Test.day5"/>
  <system-out/>
  <testcase name="IDemo" time="0.002" classname="Test.day5"/>
  <system-out/>
  <testcase name="ODemo" time="0.002" classname="Test.day5"/>
  <system-out/>
  <testcase name="EDemo" time="0.017" classname="Test.day5"/>
  <system-out/>
</testsuite> <!-- Test.day5 -->
