<?xml version="1.0" encoding="UTF-8"?>
<!-- Generated by org.testng.reporters.JUnitReportReporter -->
<testsuite skipped="0" hostname="amrut-PC" name="qaLinkAcademy.MavenJava.RestAPITest" tests="2" failures="0" timestamp="2020-05-28T01:54:44 IST" time="0.002" errors="0">
  <testcase name="deleteTwitter" time="0.001" classname="qaLinkAcademy.MavenJava.RestAPITest"/>
  <system-out/>
  <testcase name="postJira" time="0.001" classname="qaLinkAcademy.MavenJava.RestAPITest"/>
  <system-out/>
</testsuite> <!-- qaLinkAcademy.MavenJava.RestAPITest -->
