<?xml version="1.0" encoding="UTF-8"?>
<!-- Generated by org.testng.reporters.JUnitReportReporter -->
<testsuite skipped="0" hostname="amrut-PC" name="qaLinkAcademy.MavenJava.AppiumTest" tests="2" failures="0" timestamp="2020-05-28T01:54:44 IST" time="0.004" errors="0">
  <testcase name="NativeAppAndroid" time="0.001" classname="qaLinkAcademy.MavenJava.AppiumTest"/>
  <system-out/>
  <testcase name="IosApps" time="0.003" classname="qaLinkAcademy.MavenJava.AppiumTest"/>
  <system-out/>
</testsuite> <!-- qaLinkAcademy.MavenJava.AppiumTest -->
