<?xml version="1.0" encoding="UTF-8"?>
<!-- Generated by org.testng.reporters.JUnitReportReporter -->
<testsuite skipped="0" hostname="amrut-PC" name="qaLinkAcademy.MavenJava.SeleniumTest" tests="2" failures="0" timestamp="2020-05-28T01:55:12 IST" time="0.013" errors="0">
  <testcase name="elementsUI" time="0.001" classname="qaLinkAcademy.MavenJava.SeleniumTest"/>
  <system-out/>
  <testcase name="browserAutomation" time="0.012" classname="qaLinkAcademy.MavenJava.SeleniumTest"/>
  <system-out/>
</testsuite> <!-- qaLinkAcademy.MavenJava.SeleniumTest -->
